<?xml version="1.0" encoding="UTF-8"?>
<testng-results skipped="0" failed="0" ignored="0" total="1" passed="1">
  <reporter-output>
  </reporter-output>
  <suite name="RegressionSuite" duration-ms="17891" started-at="2018-09-18T19:12:09Z" finished-at="2018-09-18T19:12:27Z">
    <groups>
    </groups>
    <test name="RegressionTestCases" duration-ms="17891" started-at="2018-09-18T19:12:09Z" finished-at="2018-09-18T19:12:27Z">
      <class name="com.umbrellarlogin.RegisterUserTest">
        <test-method status="PASS" signature="beforeClass()[pri:0, instance:com.umbrellarlogin.RegisterUserTest@7d9d1a19]" name="beforeClass" is-config="true" duration-ms="9759" started-at="2018-09-18T19:12:09Z" finished-at="2018-09-18T19:12:19Z">
          <reporter-output>
          </reporter-output>
        </test-method> <!-- beforeClass -->
        <test-method status="PASS" signature="testLogin()[pri:0, instance:com.umbrellarlogin.RegisterUserTest@7d9d1a19]" name="testLogin" duration-ms="6780" started-at="2018-09-18T19:12:19Z" finished-at="2018-09-18T19:12:26Z">
          <reporter-output>
          </reporter-output>
        </test-method> <!-- testLogin -->
        <test-method status="PASS" signature="afterClass()[pri:0, instance:com.umbrellarlogin.RegisterUserTest@7d9d1a19]" name="afterClass" is-config="true" duration-ms="1290" started-at="2018-09-18T19:12:26Z" finished-at="2018-09-18T19:12:27Z">
          <reporter-output>
          </reporter-output>
        </test-method> <!-- afterClass -->
      </class> <!-- com.umbrellarlogin.RegisterUserTest -->
    </test> <!-- RegressionTestCases -->
  </suite> <!-- RegressionSuite -->
</testng-results>
